<?xml version="1.0" encoding="UTF-8"?>
<testng-results ignored="1" total="3" passed="1" failed="1" skipped="0">
  <reporter-output>
  </reporter-output>
  <suite started-at="2022-02-27T10:53:05 IST" name="Default suite" finished-at="2022-02-27T10:53:20 IST" duration-ms="14936">
    <groups>
    </groups>
    <test started-at="2022-02-27T10:53:05 IST" name="Default test" finished-at="2022-02-27T10:53:20 IST" duration-ms="14936">
      <class name="TESTNG_CHAPTER.Basic_ProgramTestNG">
        <test-method is-config="true" signature="openbrowser()[pri:0, instance:TESTNG_CHAPTER.Basic_ProgramTestNG@158da8e]" started-at="2022-02-27T10:53:04 IST" name="openbrowser" finished-at="2022-02-27T10:53:05 IST" duration-ms="1397" status="PASS">
          <reporter-output>
          </reporter-output>
        </test-method> <!-- openbrowser -->
        <test-method is-config="true" signature="enterURL()[pri:0, instance:TESTNG_CHAPTER.Basic_ProgramTestNG@158da8e]" started-at="2022-02-27T10:53:05 IST" name="enterURL" finished-at="2022-02-27T10:53:08 IST" duration-ms="3277" status="PASS">
          <reporter-output>
          </reporter-output>
        </test-method> <!-- enterURL -->
        <test-method is-config="true" signature="maxbrowser()[pri:0, instance:TESTNG_CHAPTER.Basic_ProgramTestNG@158da8e]" started-at="2022-02-27T10:53:08 IST" name="maxbrowser" finished-at="2022-02-27T10:53:08 IST" duration-ms="126" status="PASS">
          <reporter-output>
          </reporter-output>
        </test-method> <!-- maxbrowser -->
        <test-method is-config="true" signature="getcookies()[pri:0, instance:TESTNG_CHAPTER.Basic_ProgramTestNG@158da8e]" started-at="2022-02-27T10:53:08 IST" name="getcookies" finished-at="2022-02-27T10:53:08 IST" duration-ms="0" status="PASS">
          <reporter-output>
          </reporter-output>
        </test-method> <!-- getcookies -->
        <test-method signature="webpage()[pri:1, instance:TESTNG_CHAPTER.Basic_ProgramTestNG@158da8e]" started-at="2022-02-27T10:53:08 IST" name="webpage" finished-at="2022-02-27T10:53:20 IST" duration-ms="11423" status="PASS">
          <reporter-output>
          </reporter-output>
        </test-method> <!-- webpage -->
        <test-method is-config="true" signature="getscreenshot()[pri:0, instance:TESTNG_CHAPTER.Basic_ProgramTestNG@158da8e]" started-at="2022-02-27T10:53:20 IST" name="getscreenshot" finished-at="2022-02-27T10:53:20 IST" duration-ms="0" status="PASS">
          <reporter-output>
          </reporter-output>
        </test-method> <!-- getscreenshot -->
        <test-method is-config="true" signature="getcookies()[pri:0, instance:TESTNG_CHAPTER.Basic_ProgramTestNG@158da8e]" started-at="2022-02-27T10:53:20 IST" name="getcookies" finished-at="2022-02-27T10:53:20 IST" duration-ms="1" status="PASS">
          <reporter-output>
          </reporter-output>
        </test-method> <!-- getcookies -->
        <test-method signature="login()[pri:2, instance:TESTNG_CHAPTER.Basic_ProgramTestNG@158da8e]" started-at="2022-02-27T10:53:20 IST" name="login" finished-at="2022-02-27T10:53:20 IST" duration-ms="56" status="FAIL">
          <exception class="org.openqa.selenium.NoSuchElementException">
            <message>
              <![CDATA[no such element: Unable to locate element: {"method":"xpath","selector":"/html/body/nav[2]/div/div[2]/ul/li[1]/a"}
  (Session info: chrome=98.0.4758.102)
For documentation on this error, please visit: https://selenium.dev/exceptions/#no_such_element
Build info: version: '4.1.2', revision: '9a5a329c5a'
System info: host: 'DESKTOP-TTQK58G', ip: '192.168.192.137', os.name: 'Windows 10', os.arch: 'amd64', os.version: '10.0', java.version: '16.0.2'
Driver info: org.openqa.selenium.chrome.ChromeDriver
Command: [1fe206044928f49790d125181fa1b187, findElement {using=xpath, value=/html/body/nav[2]/div/div[2]/ul/li[1]/a}]
Capabilities {acceptInsecureCerts: false, browserName: chrome, browserVersion: 98.0.4758.102, chrome: {chromedriverVersion: 98.0.4758.80 (7f0488e8ba0d8..., userDataDir: C:\Users\JYOTI\AppData\Loca...}, goog:chromeOptions: {debuggerAddress: localhost:63860}, javascriptEnabled: true, networkConnectionEnabled: false, pageLoadStrategy: normal, platform: WINDOWS, platformName: WINDOWS, proxy: Proxy(), se:cdp: ws://localhost:63860/devtoo..., se:cdpVersion: 98.0.4758.102, setWindowRect: true, strictFileInteractability: false, timeouts: {implicit: 0, pageLoad: 300000, script: 30000}, unhandledPromptBehavior: dismiss and notify, webauthn:extension:credBlob: true, webauthn:extension:largeBlob: true, webauthn:virtualAuthenticators: true}
Session ID: 1fe206044928f49790d125181fa1b187]]>
            </message>
            <full-stacktrace>
              <![CDATA[org.openqa.selenium.NoSuchElementException: no such element: Unable to locate element: {"method":"xpath","selector":"/html/body/nav[2]/div/div[2]/ul/li[1]/a"}
  (Session info: chrome=98.0.4758.102)
For documentation on this error, please visit: https://selenium.dev/exceptions/#no_such_element
Build info: version: '4.1.2', revision: '9a5a329c5a'
System info: host: 'DESKTOP-TTQK58G', ip: '192.168.192.137', os.name: 'Windows 10', os.arch: 'amd64', os.version: '10.0', java.version: '16.0.2'
Driver info: org.openqa.selenium.chrome.ChromeDriver
Command: [1fe206044928f49790d125181fa1b187, findElement {using=xpath, value=/html/body/nav[2]/div/div[2]/ul/li[1]/a}]
Capabilities {acceptInsecureCerts: false, browserName: chrome, browserVersion: 98.0.4758.102, chrome: {chromedriverVersion: 98.0.4758.80 (7f0488e8ba0d8..., userDataDir: C:\Users\JYOTI\AppData\Loca...}, goog:chromeOptions: {debuggerAddress: localhost:63860}, javascriptEnabled: true, networkConnectionEnabled: false, pageLoadStrategy: normal, platform: WINDOWS, platformName: WINDOWS, proxy: Proxy(), se:cdp: ws://localhost:63860/devtoo..., se:cdpVersion: 98.0.4758.102, setWindowRect: true, strictFileInteractability: false, timeouts: {implicit: 0, pageLoad: 300000, script: 30000}, unhandledPromptBehavior: dismiss and notify, webauthn:extension:credBlob: true, webauthn:extension:largeBlob: true, webauthn:virtualAuthenticators: true}
Session ID: 1fe206044928f49790d125181fa1b187
at java.base/jdk.internal.reflect.NativeConstructorAccessorImpl.newInstance0(Native Method)
at java.base/jdk.internal.reflect.NativeConstructorAccessorImpl.newInstance(NativeConstructorAccessorImpl.java:78)
at java.base/jdk.internal.reflect.DelegatingConstructorAccessorImpl.newInstance(DelegatingConstructorAccessorImpl.java:45)
at java.base/java.lang.reflect.Constructor.newInstanceWithCaller(Constructor.java:499)
at java.base/java.lang.reflect.Constructor.newInstance(Constructor.java:480)
at org.openqa.selenium.remote.codec.w3c.W3CHttpResponseCodec.createException(W3CHttpResponseCodec.java:200)
at org.openqa.selenium.remote.codec.w3c.W3CHttpResponseCodec.decode(W3CHttpResponseCodec.java:133)
at org.openqa.selenium.remote.codec.w3c.W3CHttpResponseCodec.decode(W3CHttpResponseCodec.java:53)
at org.openqa.selenium.remote.HttpCommandExecutor.execute(HttpCommandExecutor.java:184)
at org.openqa.selenium.remote.service.DriverCommandExecutor.invokeExecute(DriverCommandExecutor.java:167)
at org.openqa.selenium.remote.service.DriverCommandExecutor.execute(DriverCommandExecutor.java:142)
at org.openqa.selenium.remote.RemoteWebDriver.execute(RemoteWebDriver.java:558)
at org.openqa.selenium.remote.ElementLocation$ElementFinder$2.findElement(ElementLocation.java:162)
at org.openqa.selenium.remote.ElementLocation.findElement(ElementLocation.java:60)
at org.openqa.selenium.remote.RemoteWebDriver.findElement(RemoteWebDriver.java:382)
at org.openqa.selenium.remote.RemoteWebDriver.findElement(RemoteWebDriver.java:374)
at TESTNG_CHAPTER.Basic_ProgramTestNG.login(Basic_ProgramTestNG.java:57)
at java.base/jdk.internal.reflect.NativeMethodAccessorImpl.invoke0(Native Method)
at java.base/jdk.internal.reflect.NativeMethodAccessorImpl.invoke(NativeMethodAccessorImpl.java:78)
at java.base/jdk.internal.reflect.DelegatingMethodAccessorImpl.invoke(DelegatingMethodAccessorImpl.java:43)
at java.base/java.lang.reflect.Method.invoke(Method.java:567)
at org.testng.internal.MethodInvocationHelper.invokeMethod(MethodInvocationHelper.java:133)
at org.testng.internal.TestInvoker.invokeMethod(TestInvoker.java:598)
at org.testng.internal.TestInvoker.invokeTestMethod(TestInvoker.java:173)
at org.testng.internal.MethodRunner.runInSequence(MethodRunner.java:46)
at org.testng.internal.TestInvoker$MethodInvocationAgent.invoke(TestInvoker.java:824)
at org.testng.internal.TestInvoker.invokeTestMethods(TestInvoker.java:146)
at org.testng.internal.TestMethodWorker.invokeTestMethods(TestMethodWorker.java:146)
at org.testng.internal.TestMethodWorker.run(TestMethodWorker.java:128)
at java.base/java.util.ArrayList.forEach(ArrayList.java:1511)
at org.testng.TestRunner.privateRun(TestRunner.java:794)
at org.testng.TestRunner.run(TestRunner.java:596)
at org.testng.SuiteRunner.runTest(SuiteRunner.java:377)
at org.testng.SuiteRunner.runSequentially(SuiteRunner.java:371)
at org.testng.SuiteRunner.privateRun(SuiteRunner.java:332)
at org.testng.SuiteRunner.run(SuiteRunner.java:276)
at org.testng.SuiteRunnerWorker.runSuite(SuiteRunnerWorker.java:53)
at org.testng.SuiteRunnerWorker.run(SuiteRunnerWorker.java:96)
at org.testng.TestNG.runSuitesSequentially(TestNG.java:1212)
at org.testng.TestNG.runSuitesLocally(TestNG.java:1134)
at org.testng.TestNG.runSuites(TestNG.java:1063)
at org.testng.TestNG.run(TestNG.java:1031)
at org.testng.remote.AbstractRemoteTestNG.run(AbstractRemoteTestNG.java:115)
at org.testng.remote.RemoteTestNG.initAndRun(RemoteTestNG.java:251)
at org.testng.remote.RemoteTestNG.main(RemoteTestNG.java:77)
]]>
            </full-stacktrace>
          </exception> <!-- org.openqa.selenium.NoSuchElementException -->
          <reporter-output>
          </reporter-output>
        </test-method> <!-- login -->
        <test-method is-config="true" signature="getscreenshot()[pri:0, instance:TESTNG_CHAPTER.Basic_ProgramTestNG@158da8e]" started-at="2022-02-27T10:53:20 IST" name="getscreenshot" finished-at="2022-02-27T10:53:20 IST" duration-ms="0" status="PASS">
          <reporter-output>
          </reporter-output>
        </test-method> <!-- getscreenshot -->
        <test-method is-config="true" signature="deletecookies()[pri:0, instance:TESTNG_CHAPTER.Basic_ProgramTestNG@158da8e]" started-at="2022-02-27T10:53:20 IST" name="deletecookies" finished-at="2022-02-27T10:53:20 IST" duration-ms="0" status="PASS">
          <reporter-output>
          </reporter-output>
        </test-method> <!-- deletecookies -->
        <test-method is-config="true" signature="dbconnectionclosed()[pri:0, instance:TESTNG_CHAPTER.Basic_ProgramTestNG@158da8e]" started-at="2022-02-27T10:53:20 IST" name="dbconnectionclosed" finished-at="2022-02-27T10:53:20 IST" duration-ms="0" status="PASS">
          <reporter-output>
          </reporter-output>
        </test-method> <!-- dbconnectionclosed -->
        <test-method is-config="true" signature="close()[pri:0, instance:TESTNG_CHAPTER.Basic_ProgramTestNG@158da8e]" started-at="2022-02-27T10:53:20 IST" name="close" finished-at="2022-02-27T10:53:24 IST" duration-ms="4156" status="PASS">
          <reporter-output>
          </reporter-output>
        </test-method> <!-- close -->
      </class> <!-- TESTNG_CHAPTER.Basic_ProgramTestNG -->
    </test> <!-- Default test -->
  </suite> <!-- Default suite -->
</testng-results>
